#
# There is insufficient memory for the Java Runtime Environment to continue.
# Native memory allocation (mmap) failed to map 67108864 bytes for G1 virtual space
# Possible reasons:
#   The system is out of physical RAM or swap space
#   The process is running with CompressedOops enabled, and the Java Heap may be blocking the growth of the native heap
# Possible solutions:
#   Reduce memory load on the system
#   Increase physical memory or swap space
#   Check if swap backing store is full
#   Decrease Java heap size (-Xmx/-Xms)
#   Decrease number of Java threads
#   Decrease Java thread stack sizes (-Xss)
#   Set larger code cache with -XX:ReservedCodeCacheSize=
#   JVM is running with Unscaled Compressed Oops mode in which the Java heap is
#     placed in the first 4GB address space. The Java Heap base address is the
#     maximum limit for the native heap growth. Please use -XX:HeapBaseMinAddress
#     to set the Java Heap base and to place the Java Heap above 4GB virtual address.
# This output file may be truncated or incomplete.
#
#  Out of Memory Error (os_windows.cpp:3825), pid=2784, tid=10264
#
# JRE version:  (17.0.10+1) (build )
# Java VM: OpenJDK 64-Bit Server VM (17.0.10+1-b1207.14, mixed mode, sharing, tiered, compressed oops, compressed class ptrs, g1 gc, windows-amd64)
# No core dump will be written. Minidumps are not enabled by default on client versions of Windows
#

---------------  S U M M A R Y ------------

Command Line: git4idea.http.GitAskPassApp Username for 'https://github.com': 

Host: Intel(R) Xeon(R) Platinum 8272CL CPU @ 2.60GHz, 2 cores, 3G,  Windows 10 , 64 bit Build 19041 (10.0.19041.3636)
Time: Thu May 30 22:44:11 2024 E. South America Standard Time elapsed time: 0.017416 seconds (0d 0h 0m 0s)

---------------  T H R E A D  ---------------

Current thread (0x0000023ab3551500):  JavaThread "Unknown thread" [_thread_in_vm, id=10264, stack(0x000000806b000000,0x000000806b100000)]

Stack: [0x000000806b000000,0x000000806b100000]
Native frames: (J=compiled Java code, j=interpreted, Vv=VM code, C=native code)
V  [jvm.dll+0x687989]
V  [jvm.dll+0x84116a]
V  [jvm.dll+0x842dae]
V  [jvm.dll+0x843413]
V  [jvm.dll+0x249ccf]
V  [jvm.dll+0x684759]
V  [jvm.dll+0x67900a]
V  [jvm.dll+0x30ab0b]
V  [jvm.dll+0x311fb6]
V  [jvm.dll+0x361d5e]
V  [jvm.dll+0x361f8f]
V  [jvm.dll+0x2e07f8]
V  [jvm.dll+0x2e1764]
V  [jvm.dll+0x811c31]
V  [jvm.dll+0x36fc11]
V  [jvm.dll+0x7f0666]
V  [jvm.dll+0x3f3daf]
V  [jvm.dll+0x3f5a41]
C  [jli.dll+0x528f]
C  [ucrtbase.dll+0x21bb2]
C  [KERNEL32.DLL+0x17344]
C  [ntdll.dll+0x526b1]


---------------  P R O C E S S  ---------------

Threads class SMR info:
_java_thread_list=0x00007ffcefb6df58, length=0, elements={
}

Java Threads: ( => current thread )

Other Threads:
  0x0000023ab358c0f0 GCTaskThread "GC Thread#0" [stack: 0x000000806b100000,0x000000806b200000] [id=10404]
  0x0000023ab3595040 ConcurrentGCThread "G1 Main Marker" [stack: 0x000000806b200000,0x000000806b300000] [id=10660]
  0x0000023ab3596200 ConcurrentGCThread "G1 Conc#0" [stack: 0x000000806b300000,0x000000806b400000] [id=10424]

[error occurred during error reporting (printing all threads), id 0xc0000005, EXCEPTION_ACCESS_VIOLATION (0xc0000005) at pc=0x00007ffcef3213c7]

VM state: not at safepoint (not fully initialized)

VM Mutex/Monitor currently owned by a thread:  ([mutex/lock_event])
[0x0000023ab354bf00] Heap_lock - owner thread: 0x0000023ab3551500

Heap address: 0x00000000c0000000, size: 1024 MB, Compressed Oops mode: 32-bit

CDS archive(s) mapped at: [0x0000000000000000-0x0000000000000000-0x0000000000000000), size 0, SharedBaseAddress: 0x0000000800000000, ArchiveRelocationMode: 1.
Narrow klass base: 0x0000000000000000, Narrow klass shift: 0, Narrow klass range: 0x0

GC Precious Log:
<Empty>

Heap:
 garbage-first heap   total 0K, used 0K [0x00000000c0000000, 0x0000000100000000)
  region size 1024K, 0 young (0K), 0 survivors (0K)
 Metaspace       used 0K, committed 0K, reserved 0K
  class space    used 0K, committed 0K, reserved 0K

Heap Regions: E=young(eden), S=young(survivor), O=old, HS=humongous(starts), HC=humongous(continues), CS=collection set, F=free, OA=open archive, CA=closed archive, TAMS=top-at-mark-start (previous, next)

Card table byte_map: [0x0000023ac5cd0000,0x0000023ac5ed0000] _byte_map_base: 0x0000023ac56d0000

Marking Bits (Prev, Next): (CMBitMap*) 0x0000023ab358c710, (CMBitMap*) 0x0000023ab358c750
 Prev Bits: [0x0000023ac60d0000, 0x0000023ac70d0000)
 Next Bits: [0x0000023ac70d0000, 0x0000023ac80d0000)

GC Heap History (0 events):
No events

Dll operation events (1 events):
Event: 0.008 Loaded shared library C:\Program Files\JetBrains\PyCharm Community Edition 2024.1.1\jbr\bin\java.dll

Deoptimization events (0 events):
No events

Classes unloaded (0 events):
No events

Classes redefined (0 events):
No events

Internal exceptions (0 events):
No events

VM Operations (0 events):
No events

Events (0 events):
No events


Dynamic libraries:
0x00007ff6971c0000 - 0x00007ff6971ca000 	C:\Program Files\JetBrains\PyCharm Community Edition 2024.1.1\jbr\bin\java.exe
0x00007ffd26b70000 - 0x00007ffd26d68000 	C:\Windows\SYSTEM32\ntdll.dll
0x00007ffd25120000 - 0x00007ffd251dd000 	C:\Windows\System32\KERNEL32.DLL
0x00007ffd24890000 - 0x00007ffd24b86000 	C:\Windows\System32\KERNELBASE.dll
0x00007ffd244b0000 - 0x00007ffd245b0000 	C:\Windows\System32\ucrtbase.dll
0x00007ffd1b890000 - 0x00007ffd1b8a7000 	C:\Program Files\JetBrains\PyCharm Community Edition 2024.1.1\jbr\bin\jli.dll
0x00007ffd0b8e0000 - 0x00007ffd0b8fb000 	C:\Program Files\JetBrains\PyCharm Community Edition 2024.1.1\jbr\bin\VCRUNTIME140.dll
0x00007ffd25d10000 - 0x00007ffd25eae000 	C:\Windows\System32\USER32.dll
0x00007ffd24b90000 - 0x00007ffd24bb2000 	C:\Windows\System32\win32u.dll
0x00007ffd25c50000 - 0x00007ffd25c7c000 	C:\Windows\System32\GDI32.dll
0x00007ffd242b0000 - 0x00007ffd243ca000 	C:\Windows\System32\gdi32full.dll
0x00007ffd247a0000 - 0x00007ffd2483d000 	C:\Windows\System32\msvcp_win.dll
0x00007ffd19720000 - 0x00007ffd199ba000 	C:\Windows\WinSxS\amd64_microsoft.windows.common-controls_6595b64144ccf1df_6.0.19041.3636_none_60b6a03d71f818d5\COMCTL32.dll
0x00007ffd26960000 - 0x00007ffd269fe000 	C:\Windows\System32\msvcrt.dll
0x00007ffd25c20000 - 0x00007ffd25c50000 	C:\Windows\System32\IMM32.DLL
0x00007ffd1c190000 - 0x00007ffd1c19c000 	C:\Program Files\JetBrains\PyCharm Community Edition 2024.1.1\jbr\bin\vcruntime140_1.dll
0x00007ffcf6e00000 - 0x00007ffcf6e8d000 	C:\Program Files\JetBrains\PyCharm Community Edition 2024.1.1\jbr\bin\msvcp140.dll
0x00007ffcef030000 - 0x00007ffcefcb2000 	C:\Program Files\JetBrains\PyCharm Community Edition 2024.1.1\jbr\bin\server\jvm.dll
0x00007ffd25ff0000 - 0x00007ffd260a3000 	C:\Windows\System32\ADVAPI32.dll
0x00007ffd26260000 - 0x00007ffd262ff000 	C:\Windows\System32\sechost.dll
0x00007ffd26a00000 - 0x00007ffd26b26000 	C:\Windows\System32\RPCRT4.dll
0x00007ffd24480000 - 0x00007ffd244a7000 	C:\Windows\System32\bcrypt.dll
0x00007ffd240a0000 - 0x00007ffd240eb000 	C:\Windows\SYSTEM32\POWRPROF.dll
0x00007ffd0d9e0000 - 0x00007ffd0d9e9000 	C:\Windows\SYSTEM32\WSOCK32.dll
0x00007ffd26890000 - 0x00007ffd268fb000 	C:\Windows\System32\WS2_32.dll
0x00007ffd11900000 - 0x00007ffd11927000 	C:\Windows\SYSTEM32\WINMM.dll
0x00007ffd22f60000 - 0x00007ffd22f6a000 	C:\Windows\SYSTEM32\VERSION.dll
0x00007ffd24080000 - 0x00007ffd24092000 	C:\Windows\SYSTEM32\UMPDC.dll
0x00007ffd22f20000 - 0x00007ffd22f32000 	C:\Windows\SYSTEM32\kernel.appcore.dll
0x00007ffd1ef50000 - 0x00007ffd1ef5a000 	C:\Program Files\JetBrains\PyCharm Community Edition 2024.1.1\jbr\bin\jimage.dll
0x00007ffd0a3f0000 - 0x00007ffd0a5d4000 	C:\Windows\SYSTEM32\DBGHELP.DLL
0x00007ffd14fc0000 - 0x00007ffd14ff4000 	C:\Windows\SYSTEM32\dbgcore.DLL
0x00007ffd24710000 - 0x00007ffd24792000 	C:\Windows\System32\bcryptPrimitives.dll
0x00007ffd1c1f0000 - 0x00007ffd1c215000 	C:\Program Files\JetBrains\PyCharm Community Edition 2024.1.1\jbr\bin\java.dll

dbghelp: loaded successfully - version: 4.0.5 - missing functions: none
symbol engine: initialized successfully - sym options: 0x614 - pdb path: .;C:\Program Files\JetBrains\PyCharm Community Edition 2024.1.1\jbr\bin;C:\Windows\SYSTEM32;C:\Windows\WinSxS\amd64_microsoft.windows.common-controls_6595b64144ccf1df_6.0.19041.3636_none_60b6a03d71f818d5;C:\Program Files\JetBrains\PyCharm Community Edition 2024.1.1\jbr\bin\server

VM Arguments:
java_command: git4idea.http.GitAskPassApp Username for 'https://github.com': 
java_class_path (initial): C:/Program Files/JetBrains/PyCharm Community Edition 2024.1.1/plugins/vcs-git/lib/git4idea-rt.jar;C:/Program Files/JetBrains/PyCharm Community Edition 2024.1.1/lib/externalProcess-rt.jar
Launcher Type: SUN_STANDARD

[Global flags]
     intx CICompilerCount                          = 2                                         {product} {ergonomic}
     uint ConcGCThreads                            = 1                                         {product} {ergonomic}
     uint G1ConcRefinementThreads                  = 2                                         {product} {ergonomic}
   size_t G1HeapRegionSize                         = 1048576                                   {product} {ergonomic}
    uintx GCDrainStackTargetSize                   = 64                                        {product} {ergonomic}
   size_t InitialHeapSize                          = 67108864                                  {product} {ergonomic}
   size_t MarkStackSize                            = 4194304                                   {product} {ergonomic}
   size_t MaxHeapSize                              = 1073741824                                {product} {ergonomic}
   size_t MinHeapDeltaBytes                        = 1048576                                   {product} {ergonomic}
   size_t MinHeapSize                              = 8388608                                   {product} {ergonomic}
    uintx NonNMethodCodeHeapSize                   = 5826188                                {pd product} {ergonomic}
    uintx NonProfiledCodeHeapSize                  = 122916026                              {pd product} {ergonomic}
    uintx ProfiledCodeHeapSize                     = 122916026                              {pd product} {ergonomic}
    uintx ReservedCodeCacheSize                    = 251658240                              {pd product} {ergonomic}
     bool SegmentedCodeCache                       = true                                      {product} {ergonomic}
   size_t SoftMaxHeapSize                          = 1073741824                             {manageable} {ergonomic}
     bool UseCompressedClassPointers               = true                           {product lp64_product} {ergonomic}
     bool UseCompressedOops                        = true                           {product lp64_product} {ergonomic}
     bool UseG1GC                                  = true                                      {product} {ergonomic}
     bool UseLargePagesIndividualAllocation        = false                                  {pd product} {ergonomic}

Logging:
Log output configuration:
 #0: stdout all=warning uptime,level,tags
 #1: stderr all=off uptime,level,tags

Environment Variables:
PATH=C:\Program Files\Git\mingw64\libexec\git-core;C:\Program Files\Git\mingw64\libexec\git-core;C:\Program Files\Git\mingw64\bin;C:\Program Files\Git\usr\bin;C:\Users\TheoAdm\bin;C:\Users\TheoAdm\PycharmProjects\TransactHUB\TransactHUBProject\.venv\Scripts;C:\Windows\system32;C:\Windows;C:\Windows\System32\Wbem;C:\Windows\System32\WindowsPowerShell\v1.0;C:\Windows\System32\OpenSSH;C:\Program Files\Git\cmd;C:\Users\TheoAdm\AppData\Local\Programs\Python\Python311\Scripts;C:\Users\TheoAdm\AppData\Local\Programs\Python\Python311;C:\Users\TheoAdm\AppData\Local\Microsoft\WindowsApps;C:\Program Files\JetBrains\PyCharm 2023.1.1\bin
USERNAME=TheoAdm
DISPLAY=:0.0
LC_ALL=en_US.UTF-8
TERM=xterm-256color
TMPDIR=C:\Users\TheoAdm\AppData\Local\Temp
OS=Windows_NT
PROCESSOR_IDENTIFIER=Intel64 Family 6 Model 85 Stepping 7, GenuineIntel
TMP=C:\Users\TheoAdm\AppData\Local\Temp
TEMP=C:\Users\TheoAdm\AppData\Local\Temp



Periodic native trim disabled

JNI global refs:
JNI global refs: 0, weak refs: 0

JNI global refs memory usage: 0, weak refs: 0

OOME stack traces (most recent first):
Classloader memory used:


---------------  S Y S T E M  ---------------

OS:
 Windows 10 , 64 bit Build 19041 (10.0.19041.3636)
OS uptime: 0 days 4:10 hours
Hyper-V virtualization detected

CPU: total 2 (initial active 2) (2 cores per cpu, 1 threads per core) family 6 model 85 stepping 7 microcode 0xffffffff, cx8, cmov, fxsr, mmx, 3dnowpref, sse, sse2, sse3, ssse3, sse4.1, sse4.2, popcnt, lzcnt, tsc, avx, avx2, aes, erms, clmul, bmi1, bmi2, rtm, adx, avx512f, avx512dq, avx512cd, avx512bw, avx512vl, fma, vzeroupper, clflush, clflushopt, hv
Processor Information for all 2 processors :
  Max Mhz: 2594, Current Mhz: 2594, Mhz Limit: 2594

Memory: 4k page, system-wide physical 4094M (360M free)
TotalPageFile size 5118M (AvailPageFile size 40M)
current process WorkingSet (physical memory assigned to process): 10M, peak: 10M
current process commit charge ("private bytes"): 47M, peak: 111M

vm_info: OpenJDK 64-Bit Server VM (17.0.10+1-b1207.14) for windows-amd64 JRE (17.0.10+1-b1207.14), built on 2024-04-05 by "builduser" with MS VC++ 16.10 / 16.11 (VS2019)

END.
